<?xml version="1.0" encoding="UTF-8"?>
<testng-results skipped="0" failed="0" ignored="0" total="1" passed="1">
  <reporter-output>
  </reporter-output>
  <suite name="nopCommerce" duration-ms="16246" started-at="2020-04-20T21:13:13Z" finished-at="2020-04-20T21:13:29Z">
    <groups>
    </groups>
    <test name="chromeTest" duration-ms="16246" started-at="2020-04-20T21:13:13Z" finished-at="2020-04-20T21:13:29Z">
      <class name="com.nopcommerce.testCases.TC_SearchCustomerByName_005">
        <test-method status="PASS" signature="setUp(java.lang.String)[pri:0, instance:com.nopcommerce.testCases.TC_SearchCustomerByName_005@4009e306]" name="setUp" is-config="true" duration-ms="3824" started-at="2020-04-20T21:13:13Z" finished-at="2020-04-20T21:13:17Z">
          <params>
            <param index="0">
              <value>
                <![CDATA[chrome]]>
              </value>
            </param>
          </params>
          <reporter-output>
          </reporter-output>
        </test-method> <!-- setUp -->
        <test-method status="PASS" signature="searchCustomerByNameTest()[pri:0, instance:com.nopcommerce.testCases.TC_SearchCustomerByName_005@4009e306]" name="searchCustomerByNameTest" duration-ms="11076" started-at="2020-04-20T21:13:17Z" finished-at="2020-04-20T21:13:28Z">
          <reporter-output>
          </reporter-output>
        </test-method> <!-- searchCustomerByNameTest -->
        <test-method status="PASS" signature="tearDown()[pri:0, instance:com.nopcommerce.testCases.TC_SearchCustomerByName_005@4009e306]" name="tearDown" is-config="true" duration-ms="1204" started-at="2020-04-20T21:13:28Z" finished-at="2020-04-20T21:13:29Z">
          <reporter-output>
          </reporter-output>
        </test-method> <!-- tearDown -->
      </class> <!-- com.nopcommerce.testCases.TC_SearchCustomerByName_005 -->
    </test> <!-- chromeTest -->
  </suite> <!-- nopCommerce -->
</testng-results>
